<?xml version="1.0" encoding="UTF-8"?>
<!-- Generated by org.testng.reporters.JUnitReportReporter -->
<testsuite hostname="win2019" failures="0" tests="1" name="com.scroll.Scroll1" time="14.306" errors="0" timestamp="2024-08-23T03:06:33 PDT" skipped="0">
  <testcase classname="com.scroll.Scroll1" name="Scrollup" time="14.306"/>
  <system-out/>
</testsuite> <!-- com.scroll.Scroll1 -->
